<?xml version="1.0" encoding="UTF-8"?>
<testsuite xmlns:xsi="http://www.w3.org/2001/XMLSchema-instance" xsi:noNamespaceSchemaLocation="https://maven.apache.org/surefire/maven-surefire-plugin/xsd/surefire-test-report-3.0.xsd" version="3.0" name="TestSuite" time="610.414" tests="3" errors="0" skipped="1" failures="2">
  <properties>
    <property name="sun.desktop" value="windows"/>
    <property name="awt.toolkit" value="sun.awt.windows.WToolkit"/>
    <property name="file.encoding.pkg" value="sun.io"/>
    <property name="java.specification.version" value="1.8"/>
    <property name="webdriver.chrome.driver" value="./Drivers\chromedriver.exe"/>
    <property name="sun.cpu.isalist" value="amd64"/>
    <property name="sun.jnu.encoding" value="Cp1252"/>
    <property name="java.class.path" value="C:\Personal\WS\AutoPilot\target\test-classes;C:\Personal\WS\AutoPilot\target\classes;C:\WINDOWS\system32\config\systemprofile\.m2\repository\org\seleniumhq\selenium\selenium-java\3.141.59\selenium-java-3.141.59.jar;C:\WINDOWS\system32\config\systemprofile\.m2\repository\org\seleniumhq\selenium\selenium-api\3.141.59\selenium-api-3.141.59.jar;C:\WINDOWS\system32\config\systemprofile\.m2\repository\org\seleniumhq\selenium\selenium-chrome-driver\3.141.59\selenium-chrome-driver-3.141.59.jar;C:\WINDOWS\system32\config\systemprofile\.m2\repository\org\seleniumhq\selenium\selenium-edge-driver\3.141.59\selenium-edge-driver-3.141.59.jar;C:\WINDOWS\system32\config\systemprofile\.m2\repository\org\seleniumhq\selenium\selenium-firefox-driver\3.141.59\selenium-firefox-driver-3.141.59.jar;C:\WINDOWS\system32\config\systemprofile\.m2\repository\org\seleniumhq\selenium\selenium-ie-driver\3.141.59\selenium-ie-driver-3.141.59.jar;C:\WINDOWS\system32\config\systemprofile\.m2\repository\org\seleniumhq\selenium\selenium-opera-driver\3.141.59\selenium-opera-driver-3.141.59.jar;C:\WINDOWS\system32\config\systemprofile\.m2\repository\org\seleniumhq\selenium\selenium-remote-driver\3.141.59\selenium-remote-driver-3.141.59.jar;C:\WINDOWS\system32\config\systemprofile\.m2\repository\org\seleniumhq\selenium\selenium-safari-driver\3.141.59\selenium-safari-driver-3.141.59.jar;C:\WINDOWS\system32\config\systemprofile\.m2\repository\org\seleniumhq\selenium\selenium-support\3.141.59\selenium-support-3.141.59.jar;C:\WINDOWS\system32\config\systemprofile\.m2\repository\net\bytebuddy\byte-buddy\1.8.15\byte-buddy-1.8.15.jar;C:\WINDOWS\system32\config\systemprofile\.m2\repository\org\apache\commons\commons-exec\1.3\commons-exec-1.3.jar;C:\WINDOWS\system32\config\systemprofile\.m2\repository\com\google\guava\guava\25.0-jre\guava-25.0-jre.jar;C:\WINDOWS\system32\config\systemprofile\.m2\repository\com\google\code\findbugs\jsr305\1.3.9\jsr305-1.3.9.jar;C:\WINDOWS\system32\config\systemprofile\.m2\repository\org\checkerframework\checker-compat-qual\2.0.0\checker-compat-qual-2.0.0.jar;C:\WINDOWS\system32\config\systemprofile\.m2\repository\com\google\errorprone\error_prone_annotations\2.1.3\error_prone_annotations-2.1.3.jar;C:\WINDOWS\system32\config\systemprofile\.m2\repository\com\google\j2objc\j2objc-annotations\1.1\j2objc-annotations-1.1.jar;C:\WINDOWS\system32\config\systemprofile\.m2\repository\org\codehaus\mojo\animal-sniffer-annotations\1.14\animal-sniffer-annotations-1.14.jar;C:\WINDOWS\system32\config\systemprofile\.m2\repository\com\squareup\okhttp3\okhttp\3.11.0\okhttp-3.11.0.jar;C:\WINDOWS\system32\config\systemprofile\.m2\repository\com\squareup\okio\okio\1.14.0\okio-1.14.0.jar;C:\WINDOWS\system32\config\systemprofile\.m2\repository\org\testng\testng\7.3.0\testng-7.3.0.jar;C:\WINDOWS\system32\config\systemprofile\.m2\repository\com\beust\jcommander\1.78\jcommander-1.78.jar;C:\WINDOWS\system32\config\systemprofile\.m2\repository\org\apache\ant\ant\1.10.3\ant-1.10.3.jar;C:\WINDOWS\system32\config\systemprofile\.m2\repository\org\apache\ant\ant-launcher\1.10.3\ant-launcher-1.10.3.jar;C:\WINDOWS\system32\config\systemprofile\.m2\repository\junit\junit\4.12\junit-4.12.jar;C:\WINDOWS\system32\config\systemprofile\.m2\repository\org\hamcrest\hamcrest-core\1.3\hamcrest-core-1.3.jar;C:\WINDOWS\system32\config\systemprofile\.m2\repository\com\google\inject\guice\4.2.2\guice-4.2.2-no_aop.jar;C:\WINDOWS\system32\config\systemprofile\.m2\repository\javax\inject\javax.inject\1\javax.inject-1.jar;C:\WINDOWS\system32\config\systemprofile\.m2\repository\aopalliance\aopalliance\1.0\aopalliance-1.0.jar;C:\WINDOWS\system32\config\systemprofile\.m2\repository\org\yaml\snakeyaml\1.21\snakeyaml-1.21.jar;C:\WINDOWS\system32\config\systemprofile\.m2\repository\org\apache\poi\poi\4.1.2\poi-4.1.2.jar;C:\WINDOWS\system32\config\systemprofile\.m2\repository\commons-codec\commons-codec\1.13\commons-codec-1.13.jar;C:\WINDOWS\system32\config\systemprofile\.m2\repository\org\apache\commons\commons-collections4\4.4\commons-collections4-4.4.jar;C:\WINDOWS\system32\config\systemprofile\.m2\repository\org\apache\commons\commons-math3\3.6.1\commons-math3-3.6.1.jar;C:\WINDOWS\system32\config\systemprofile\.m2\repository\com\zaxxer\SparseBitSet\1.2\SparseBitSet-1.2.jar;C:\WINDOWS\system32\config\systemprofile\.m2\repository\org\apache\poi\poi-ooxml\4.1.2\poi-ooxml-4.1.2.jar;C:\WINDOWS\system32\config\systemprofile\.m2\repository\org\apache\poi\poi-ooxml-schemas\4.1.2\poi-ooxml-schemas-4.1.2.jar;C:\WINDOWS\system32\config\systemprofile\.m2\repository\org\apache\xmlbeans\xmlbeans\3.1.0\xmlbeans-3.1.0.jar;C:\WINDOWS\system32\config\systemprofile\.m2\repository\org\apache\commons\commons-compress\1.19\commons-compress-1.19.jar;C:\WINDOWS\system32\config\systemprofile\.m2\repository\com\github\virtuald\curvesapi\1.06\curvesapi-1.06.jar;C:\WINDOWS\system32\config\systemprofile\.m2\repository\com\aventstack\extentreports\3.1.2\extentreports-3.1.2.jar;C:\WINDOWS\system32\config\systemprofile\.m2\repository\org\freemarker\freemarker\2.3.23\freemarker-2.3.23.jar;C:\WINDOWS\system32\config\systemprofile\.m2\repository\org\mongodb\mongodb-driver\3.3.0\mongodb-driver-3.3.0.jar;C:\WINDOWS\system32\config\systemprofile\.m2\repository\org\mongodb\bson\3.3.0\bson-3.3.0.jar;C:\WINDOWS\system32\config\systemprofile\.m2\repository\org\mongodb\mongodb-driver-core\3.3.0\mongodb-driver-core-3.3.0.jar;C:\WINDOWS\system32\config\systemprofile\.m2\repository\org\apache\httpcomponents\httpclient\4.5.2\httpclient-4.5.2.jar;C:\WINDOWS\system32\config\systemprofile\.m2\repository\org\apache\httpcomponents\httpcore\4.4.4\httpcore-4.4.4.jar;C:\WINDOWS\system32\config\systemprofile\.m2\repository\commons-logging\commons-logging\1.2\commons-logging-1.2.jar;C:\WINDOWS\system32\config\systemprofile\.m2\repository\org\apache\httpcomponents\httpmime\4.5.2\httpmime-4.5.2.jar;C:\WINDOWS\system32\config\systemprofile\.m2\repository\org\jsoup\jsoup\1.9.2\jsoup-1.9.2.jar;C:\WINDOWS\system32\config\systemprofile\.m2\repository\com\google\code\gson\gson\2.8.0\gson-2.8.0.jar;C:\WINDOWS\system32\config\systemprofile\.m2\repository\org\apache\commons\commons-lang3\3.11\commons-lang3-3.11.jar;C:\WINDOWS\system32\config\systemprofile\.m2\repository\commons-io\commons-io\2.8.0\commons-io-2.8.0.jar;C:\WINDOWS\system32\config\systemprofile\.m2\repository\log4j\log4j\1.2.17\log4j-1.2.17.jar;"/>
    <property name="java.vm.vendor" value="Oracle Corporation"/>
    <property name="sun.arch.data.model" value="64"/>
    <property name="user.variant" value=""/>
    <property name="java.vendor.url" value="http://java.oracle.com/"/>
    <property name="user.timezone" value="Asia/Calcutta"/>
    <property name="java.vm.specification.version" value="1.8"/>
    <property name="os.name" value="Windows 10"/>
    <property name="user.country" value="US"/>
    <property name="sun.java.launcher" value="SUN_STANDARD"/>
    <property name="sun.boot.library.path" value="C:\Program Files\Java\jdk1.8.0_202\jre\bin"/>
    <property name="sun.java.command" value="C:\Windows\Temp\surefire4849660323308105843\surefirebooter8223109420297638776.jar C:\Windows\Temp\surefire4849660323308105843 2021-02-13T21-16-11_595-jvmRun1 surefire2435766813719904341tmp surefire_07474959818901914087tmp"/>
    <property name="surefire.test.class.path" value="C:\Personal\WS\AutoPilot\target\test-classes;C:\Personal\WS\AutoPilot\target\classes;C:\WINDOWS\system32\config\systemprofile\.m2\repository\org\seleniumhq\selenium\selenium-java\3.141.59\selenium-java-3.141.59.jar;C:\WINDOWS\system32\config\systemprofile\.m2\repository\org\seleniumhq\selenium\selenium-api\3.141.59\selenium-api-3.141.59.jar;C:\WINDOWS\system32\config\systemprofile\.m2\repository\org\seleniumhq\selenium\selenium-chrome-driver\3.141.59\selenium-chrome-driver-3.141.59.jar;C:\WINDOWS\system32\config\systemprofile\.m2\repository\org\seleniumhq\selenium\selenium-edge-driver\3.141.59\selenium-edge-driver-3.141.59.jar;C:\WINDOWS\system32\config\systemprofile\.m2\repository\org\seleniumhq\selenium\selenium-firefox-driver\3.141.59\selenium-firefox-driver-3.141.59.jar;C:\WINDOWS\system32\config\systemprofile\.m2\repository\org\seleniumhq\selenium\selenium-ie-driver\3.141.59\selenium-ie-driver-3.141.59.jar;C:\WINDOWS\system32\config\systemprofile\.m2\repository\org\seleniumhq\selenium\selenium-opera-driver\3.141.59\selenium-opera-driver-3.141.59.jar;C:\WINDOWS\system32\config\systemprofile\.m2\repository\org\seleniumhq\selenium\selenium-remote-driver\3.141.59\selenium-remote-driver-3.141.59.jar;C:\WINDOWS\system32\config\systemprofile\.m2\repository\org\seleniumhq\selenium\selenium-safari-driver\3.141.59\selenium-safari-driver-3.141.59.jar;C:\WINDOWS\system32\config\systemprofile\.m2\repository\org\seleniumhq\selenium\selenium-support\3.141.59\selenium-support-3.141.59.jar;C:\WINDOWS\system32\config\systemprofile\.m2\repository\net\bytebuddy\byte-buddy\1.8.15\byte-buddy-1.8.15.jar;C:\WINDOWS\system32\config\systemprofile\.m2\repository\org\apache\commons\commons-exec\1.3\commons-exec-1.3.jar;C:\WINDOWS\system32\config\systemprofile\.m2\repository\com\google\guava\guava\25.0-jre\guava-25.0-jre.jar;C:\WINDOWS\system32\config\systemprofile\.m2\repository\com\google\code\findbugs\jsr305\1.3.9\jsr305-1.3.9.jar;C:\WINDOWS\system32\config\systemprofile\.m2\repository\org\checkerframework\checker-compat-qual\2.0.0\checker-compat-qual-2.0.0.jar;C:\WINDOWS\system32\config\systemprofile\.m2\repository\com\google\errorprone\error_prone_annotations\2.1.3\error_prone_annotations-2.1.3.jar;C:\WINDOWS\system32\config\systemprofile\.m2\repository\com\google\j2objc\j2objc-annotations\1.1\j2objc-annotations-1.1.jar;C:\WINDOWS\system32\config\systemprofile\.m2\repository\org\codehaus\mojo\animal-sniffer-annotations\1.14\animal-sniffer-annotations-1.14.jar;C:\WINDOWS\system32\config\systemprofile\.m2\repository\com\squareup\okhttp3\okhttp\3.11.0\okhttp-3.11.0.jar;C:\WINDOWS\system32\config\systemprofile\.m2\repository\com\squareup\okio\okio\1.14.0\okio-1.14.0.jar;C:\WINDOWS\system32\config\systemprofile\.m2\repository\org\testng\testng\7.3.0\testng-7.3.0.jar;C:\WINDOWS\system32\config\systemprofile\.m2\repository\com\beust\jcommander\1.78\jcommander-1.78.jar;C:\WINDOWS\system32\config\systemprofile\.m2\repository\org\apache\ant\ant\1.10.3\ant-1.10.3.jar;C:\WINDOWS\system32\config\systemprofile\.m2\repository\org\apache\ant\ant-launcher\1.10.3\ant-launcher-1.10.3.jar;C:\WINDOWS\system32\config\systemprofile\.m2\repository\junit\junit\4.12\junit-4.12.jar;C:\WINDOWS\system32\config\systemprofile\.m2\repository\org\hamcrest\hamcrest-core\1.3\hamcrest-core-1.3.jar;C:\WINDOWS\system32\config\systemprofile\.m2\repository\com\google\inject\guice\4.2.2\guice-4.2.2-no_aop.jar;C:\WINDOWS\system32\config\systemprofile\.m2\repository\javax\inject\javax.inject\1\javax.inject-1.jar;C:\WINDOWS\system32\config\systemprofile\.m2\repository\aopalliance\aopalliance\1.0\aopalliance-1.0.jar;C:\WINDOWS\system32\config\systemprofile\.m2\repository\org\yaml\snakeyaml\1.21\snakeyaml-1.21.jar;C:\WINDOWS\system32\config\systemprofile\.m2\repository\org\apache\poi\poi\4.1.2\poi-4.1.2.jar;C:\WINDOWS\system32\config\systemprofile\.m2\repository\commons-codec\commons-codec\1.13\commons-codec-1.13.jar;C:\WINDOWS\system32\config\systemprofile\.m2\repository\org\apache\commons\commons-collections4\4.4\commons-collections4-4.4.jar;C:\WINDOWS\system32\config\systemprofile\.m2\repository\org\apache\commons\commons-math3\3.6.1\commons-math3-3.6.1.jar;C:\WINDOWS\system32\config\systemprofile\.m2\repository\com\zaxxer\SparseBitSet\1.2\SparseBitSet-1.2.jar;C:\WINDOWS\system32\config\systemprofile\.m2\repository\org\apache\poi\poi-ooxml\4.1.2\poi-ooxml-4.1.2.jar;C:\WINDOWS\system32\config\systemprofile\.m2\repository\org\apache\poi\poi-ooxml-schemas\4.1.2\poi-ooxml-schemas-4.1.2.jar;C:\WINDOWS\system32\config\systemprofile\.m2\repository\org\apache\xmlbeans\xmlbeans\3.1.0\xmlbeans-3.1.0.jar;C:\WINDOWS\system32\config\systemprofile\.m2\repository\org\apache\commons\commons-compress\1.19\commons-compress-1.19.jar;C:\WINDOWS\system32\config\systemprofile\.m2\repository\com\github\virtuald\curvesapi\1.06\curvesapi-1.06.jar;C:\WINDOWS\system32\config\systemprofile\.m2\repository\com\aventstack\extentreports\3.1.2\extentreports-3.1.2.jar;C:\WINDOWS\system32\config\systemprofile\.m2\repository\org\freemarker\freemarker\2.3.23\freemarker-2.3.23.jar;C:\WINDOWS\system32\config\systemprofile\.m2\repository\org\mongodb\mongodb-driver\3.3.0\mongodb-driver-3.3.0.jar;C:\WINDOWS\system32\config\systemprofile\.m2\repository\org\mongodb\bson\3.3.0\bson-3.3.0.jar;C:\WINDOWS\system32\config\systemprofile\.m2\repository\org\mongodb\mongodb-driver-core\3.3.0\mongodb-driver-core-3.3.0.jar;C:\WINDOWS\system32\config\systemprofile\.m2\repository\org\apache\httpcomponents\httpclient\4.5.2\httpclient-4.5.2.jar;C:\WINDOWS\system32\config\systemprofile\.m2\repository\org\apache\httpcomponents\httpcore\4.4.4\httpcore-4.4.4.jar;C:\WINDOWS\system32\config\systemprofile\.m2\repository\commons-logging\commons-logging\1.2\commons-logging-1.2.jar;C:\WINDOWS\system32\config\systemprofile\.m2\repository\org\apache\httpcomponents\httpmime\4.5.2\httpmime-4.5.2.jar;C:\WINDOWS\system32\config\systemprofile\.m2\repository\org\jsoup\jsoup\1.9.2\jsoup-1.9.2.jar;C:\WINDOWS\system32\config\systemprofile\.m2\repository\com\google\code\gson\gson\2.8.0\gson-2.8.0.jar;C:\WINDOWS\system32\config\systemprofile\.m2\repository\org\apache\commons\commons-lang3\3.11\commons-lang3-3.11.jar;C:\WINDOWS\system32\config\systemprofile\.m2\repository\commons-io\commons-io\2.8.0\commons-io-2.8.0.jar;C:\WINDOWS\system32\config\systemprofile\.m2\repository\log4j\log4j\1.2.17\log4j-1.2.17.jar;"/>
    <property name="sun.cpu.endian" value="little"/>
    <property name="user.home" value="C:\WINDOWS\system32\config\systemprofile"/>
    <property name="user.language" value="en"/>
    <property name="java.specification.vendor" value="Oracle Corporation"/>
    <property name="java.home" value="C:\Program Files\Java\jdk1.8.0_202\jre"/>
    <property name="basedir" value="C:\Personal\WS\AutoPilot"/>
    <property name="file.separator" value="\"/>
    <property name="line.separator" value="&#10;"/>
    <property name="java.vm.specification.vendor" value="Oracle Corporation"/>
    <property name="java.specification.name" value="Java Platform API Specification"/>
    <property name="java.awt.graphicsenv" value="sun.awt.Win32GraphicsEnvironment"/>
    <property name="surefire.real.class.path" value="C:\Windows\Temp\surefire4849660323308105843\surefirebooter8223109420297638776.jar"/>
    <property name="sun.boot.class.path" value="C:\Program Files\Java\jdk1.8.0_202\jre\lib\resources.jar;C:\Program Files\Java\jdk1.8.0_202\jre\lib\rt.jar;C:\Program Files\Java\jdk1.8.0_202\jre\lib\sunrsasign.jar;C:\Program Files\Java\jdk1.8.0_202\jre\lib\jsse.jar;C:\Program Files\Java\jdk1.8.0_202\jre\lib\jce.jar;C:\Program Files\Java\jdk1.8.0_202\jre\lib\charsets.jar;C:\Program Files\Java\jdk1.8.0_202\jre\lib\jfr.jar;C:\Program Files\Java\jdk1.8.0_202\jre\classes"/>
    <property name="user.script" value=""/>
    <property name="sun.management.compiler" value="HotSpot 64-Bit Tiered Compilers"/>
    <property name="java.runtime.version" value="1.8.0_202-b08"/>
    <property name="user.name" value="L31286WIN$"/>
    <property name="path.separator" value=";"/>
    <property name="os.version" value="10.0"/>
    <property name="java.endorsed.dirs" value="C:\Program Files\Java\jdk1.8.0_202\jre\lib\endorsed"/>
    <property name="java.runtime.name" value="Java(TM) SE Runtime Environment"/>
    <property name="file.encoding" value="Cp1252"/>
    <property name="java.vm.name" value="Java HotSpot(TM) 64-Bit Server VM"/>
    <property name="localRepository" value="C:\WINDOWS\system32\config\systemprofile\.m2\repository"/>
    <property name="java.vendor.url.bug" value="http://bugreport.sun.com/bugreport/"/>
    <property name="java.io.tmpdir" value="C:\WINDOWS\TEMP\"/>
    <property name="java.version" value="1.8.0_202"/>
    <property name="user.dir" value="C:\Personal\WS\AutoPilot"/>
    <property name="os.arch" value="amd64"/>
    <property name="java.vm.specification.name" value="Java Virtual Machine Specification"/>
    <property name="java.awt.printerjob" value="sun.awt.windows.WPrinterJob"/>
    <property name="sun.os.patch.level" value=""/>
    <property name="java.library.path" value="C:\Program Files\Java\jdk1.8.0_202\jre\bin;C:\WINDOWS\Sun\Java\bin;C:\WINDOWS\system32;C:\WINDOWS;C:\apache-maven-3.6.3/bin;C:\Program Files\Java\jdk1.8.0_202\/bin;C:\Program Files\Java\jdk1.8.0_202\/bin;C:\WINDOWS\system32;C:\WINDOWS;C:\WINDOWS\System32\Wbem;C:\WINDOWS\System32\WindowsPowerShell\v1.0\;C:\WINDOWS\System32\OpenSSH\;C:\Windows\System32;C:\Program Files\Java\jdk1.8.0_202\bin;C:\Program Files\Intel\WiFi\bin\;C:\Program Files\Common Files\Intel\WirelessCommon\;C:\Programs\apache-maven-3.6.3-bin\apache-maven-3.6.3\bin;C:\Program Files\nodejs;C:\Users\modup\AppData\Local\Programs\Python\Python38-32;C:\Users\modup\AppData\Local\Programs\Python\Python38-32\Scripts;C:\Users\modup\AppData\Local\Android\Sdk\platform-tools;C:\Users\modup\AppData\Local\Android\Sdk\platforms;C:\Program Files\PuTTY\;C:\Program Files\Git\cmd;C:\Program Files\nodejs\;C:\Program Files (x86)\Intel\Intel(R) Management Engine Components\DAL;C:\Program Files\Intel\Intel(R) Management Engine Components\DAL;C:\apache-maven-3.6.3\bin;C:\Program Files\Java\jdk1.8.0_202\lib;C:\WINDOWS\system32\config\systemprofile\AppData\Local\Microsoft\WindowsApps;."/>
    <property name="java.vm.info" value="mixed mode"/>
    <property name="java.vendor" value="Oracle Corporation"/>
    <property name="java.vm.version" value="25.202-b08"/>
    <property name="java.ext.dirs" value="C:\Program Files\Java\jdk1.8.0_202\jre\lib\ext;C:\WINDOWS\Sun\Java\lib\ext"/>
    <property name="sun.io.unicode.encoding" value="UnicodeLittle"/>
    <property name="java.class.version" value="52.0"/>
  </properties>
  <testcase name="setup[chrome](0)" classname="testCases.TC_Login" time="608.681">
    <failure message="session not created&#10;from timeout: Timed out receiving message from renderer: 600.000&#10;  (Session info: chrome=87.0.4280.88)&#10;Build info: version: &apos;3.141.59&apos;, revision: &apos;e82be7d358&apos;, time: &apos;2018-11-14T08:17:03&apos;&#10;System info: host: &apos;L31286WIN&apos;, ip: &apos;192.168.1.10&apos;, os.name: &apos;Windows 10&apos;, os.arch: &apos;amd64&apos;, os.version: &apos;10.0&apos;, java.version: &apos;1.8.0_202&apos;&#10;Driver info: driver.version: ChromeDriver&#10;remote stacktrace: Backtrace:&#10;	Ordinal0 [0x0113C0C3+3326147]&#10;	Ordinal0 [0x01020851+2164817]&#10;	Ordinal0 [0x00EA7298+619160]&#10;	Ordinal0 [0x00E9B17F+569727]&#10;	Ordinal0 [0x00E9A421+566305]&#10;	Ordinal0 [0x00E9A815+567317]&#10;	Ordinal0 [0x00E9A135+565557]&#10;	Ordinal0 [0x00EA38B1+604337]&#10;	Ordinal0 [0x00E9A0F1+565489]&#10;	Ordinal0 [0x00E9AEA2+568994]&#10;	Ordinal0 [0x00E9A421+566305]&#10;	Ordinal0 [0x00E9A815+567317]&#10;	Ordinal0 [0x00E9A135+565557]&#10;	Ordinal0 [0x00EA1D2C+597292]&#10;	Ordinal0 [0x00E9A0F1+565489]&#10;	Ordinal0 [0x00E9AEA2+568994]&#10;	Ordinal0 [0x00E9A421+566305]&#10;	Ordinal0 [0x00E9A815+567317]&#10;	Ordinal0 [0x00E9A135+565557]&#10;	Ordinal0 [0x00E9FE62+589410]&#10;	Ordinal0 [0x00E9A0F1+565489]&#10;	Ordinal0 [0x00E9AEA2+568994]&#10;	Ordinal0 [0x00E9A421+566305]&#10;	Ordinal0 [0x00E9A815+567317]&#10;	Ordinal0 [0x00E9A135+565557]&#10;	Ordinal0 [0x00E9F075+585845]&#10;	Ordinal0 [0x00E9A0F1+565489]&#10;	Ordinal0 [0x00E9AEA2+568994]&#10;	Ordinal0 [0x00E9A421+566305]&#10;	Ordinal0 [0x00E9A815+567317]&#10;	Ordinal0 [0x00E9A135+565557]&#10;	Ordinal0 [0x00E96776+550774]&#10;	Ordinal0 [0x00E9A0F1+565489]&#10;	Ordinal0 [0x00E99F13+565011]&#10;	Ordinal0 [0x00E99D07+564487]&#10;	Ordinal0 [0x00EA82C0+623296]&#10;	Ordinal0 [0x00E46BDD+224221]&#10;	Ordinal0 [0x00E45CAC+220332]&#10;	Ordinal0 [0x00E4189B+202907]&#10;	Ordinal0 [0x00E23DF4+81396]&#10;	Ordinal0 [0x00E24DEE+85486]&#10;	Ordinal0 [0x00E24D79+85369]&#10;	Ordinal0 [0x010385DC+2262492]&#10;	GetHandleVerifier [0x012C2874+1487204]&#10;	GetHandleVerifier [0x012C23CD+1486013]&#10;	GetHandleVerifier [0x012CA368+1518680]&#10;	GetHandleVerifier [0x012C2F4E+1488958]&#10;	Ordinal0 [0x0102ED0D+2223373]&#10;	Ordinal0 [0x0103A12B+2269483]&#10;	Ordinal0 [0x0103A26F+2269807]&#10;	Ordinal0 [0x0104ECB8+2354360]&#10;	BaseThreadInitThunk [0x76B6FA29+25]&#10;	RtlGetAppContainerNamedObjectPath [0x771C75F4+228]&#10;	RtlGetAppContainerNamedObjectPath [0x771C75C4+180]&#10;" type="org.openqa.selenium.SessionNotCreatedException"><![CDATA[org.openqa.selenium.SessionNotCreatedException: 
session not created
from timeout: Timed out receiving message from renderer: 600.000
  (Session info: chrome=87.0.4280.88)
Build info: version: '3.141.59', revision: 'e82be7d358', time: '2018-11-14T08:17:03'
System info: host: 'L31286WIN', ip: '192.168.1.10', os.name: 'Windows 10', os.arch: 'amd64', os.version: '10.0', java.version: '1.8.0_202'
Driver info: driver.version: ChromeDriver
remote stacktrace: Backtrace:
	Ordinal0 [0x0113C0C3+3326147]
	Ordinal0 [0x01020851+2164817]
	Ordinal0 [0x00EA7298+619160]
	Ordinal0 [0x00E9B17F+569727]
	Ordinal0 [0x00E9A421+566305]
	Ordinal0 [0x00E9A815+567317]
	Ordinal0 [0x00E9A135+565557]
	Ordinal0 [0x00EA38B1+604337]
	Ordinal0 [0x00E9A0F1+565489]
	Ordinal0 [0x00E9AEA2+568994]
	Ordinal0 [0x00E9A421+566305]
	Ordinal0 [0x00E9A815+567317]
	Ordinal0 [0x00E9A135+565557]
	Ordinal0 [0x00EA1D2C+597292]
	Ordinal0 [0x00E9A0F1+565489]
	Ordinal0 [0x00E9AEA2+568994]
	Ordinal0 [0x00E9A421+566305]
	Ordinal0 [0x00E9A815+567317]
	Ordinal0 [0x00E9A135+565557]
	Ordinal0 [0x00E9FE62+589410]
	Ordinal0 [0x00E9A0F1+565489]
	Ordinal0 [0x00E9AEA2+568994]
	Ordinal0 [0x00E9A421+566305]
	Ordinal0 [0x00E9A815+567317]
	Ordinal0 [0x00E9A135+565557]
	Ordinal0 [0x00E9F075+585845]
	Ordinal0 [0x00E9A0F1+565489]
	Ordinal0 [0x00E9AEA2+568994]
	Ordinal0 [0x00E9A421+566305]
	Ordinal0 [0x00E9A815+567317]
	Ordinal0 [0x00E9A135+565557]
	Ordinal0 [0x00E96776+550774]
	Ordinal0 [0x00E9A0F1+565489]
	Ordinal0 [0x00E99F13+565011]
	Ordinal0 [0x00E99D07+564487]
	Ordinal0 [0x00EA82C0+623296]
	Ordinal0 [0x00E46BDD+224221]
	Ordinal0 [0x00E45CAC+220332]
	Ordinal0 [0x00E4189B+202907]
	Ordinal0 [0x00E23DF4+81396]
	Ordinal0 [0x00E24DEE+85486]
	Ordinal0 [0x00E24D79+85369]
	Ordinal0 [0x010385DC+2262492]
	GetHandleVerifier [0x012C2874+1487204]
	GetHandleVerifier [0x012C23CD+1486013]
	GetHandleVerifier [0x012CA368+1518680]
	GetHandleVerifier [0x012C2F4E+1488958]
	Ordinal0 [0x0102ED0D+2223373]
	Ordinal0 [0x0103A12B+2269483]
	Ordinal0 [0x0103A26F+2269807]
	Ordinal0 [0x0104ECB8+2354360]
	BaseThreadInitThunk [0x76B6FA29+25]
	RtlGetAppContainerNamedObjectPath [0x771C75F4+228]
	RtlGetAppContainerNamedObjectPath [0x771C75C4+180]

]]></failure>
    <system-err><![CDATA[Starting ChromeDriver 87.0.4280.88 (89e2380a3e36c3464b5dd1302349b1382549290d-refs/branch-heads/4280@{#1761}) on port 19079
Only local connections are allowed.
Please see https://chromedriver.chromium.org/security-considerations for suggestions on keeping ChromeDriver safe.
ChromeDriver was started successfully.
[1613231783.196][SEVERE]: Timed out receiving message from renderer: 600.000
]]></system-err>
  </testcase>
  <testcase name="loginTest" classname="testCases.TC_Login" time="0">
    <skipped message="session not created&#10;from timeout: Timed out receiving message from renderer: 600.000&#10;  (Session info: chrome=87.0.4280.88)&#10;Build info: version: &apos;3.141.59&apos;, revision: &apos;e82be7d358&apos;, time: &apos;2018-11-14T08:17:03&apos;&#10;System info: host: &apos;L31286WIN&apos;, ip: &apos;192.168.1.10&apos;, os.name: &apos;Windows 10&apos;, os.arch: &apos;amd64&apos;, os.version: &apos;10.0&apos;, java.version: &apos;1.8.0_202&apos;&#10;Driver info: driver.version: ChromeDriver&#10;remote stacktrace: Backtrace:&#10;	Ordinal0 [0x0113C0C3+3326147]&#10;	Ordinal0 [0x01020851+2164817]&#10;	Ordinal0 [0x00EA7298+619160]&#10;	Ordinal0 [0x00E9B17F+569727]&#10;	Ordinal0 [0x00E9A421+566305]&#10;	Ordinal0 [0x00E9A815+567317]&#10;	Ordinal0 [0x00E9A135+565557]&#10;	Ordinal0 [0x00EA38B1+604337]&#10;	Ordinal0 [0x00E9A0F1+565489]&#10;	Ordinal0 [0x00E9AEA2+568994]&#10;	Ordinal0 [0x00E9A421+566305]&#10;	Ordinal0 [0x00E9A815+567317]&#10;	Ordinal0 [0x00E9A135+565557]&#10;	Ordinal0 [0x00EA1D2C+597292]&#10;	Ordinal0 [0x00E9A0F1+565489]&#10;	Ordinal0 [0x00E9AEA2+568994]&#10;	Ordinal0 [0x00E9A421+566305]&#10;	Ordinal0 [0x00E9A815+567317]&#10;	Ordinal0 [0x00E9A135+565557]&#10;	Ordinal0 [0x00E9FE62+589410]&#10;	Ordinal0 [0x00E9A0F1+565489]&#10;	Ordinal0 [0x00E9AEA2+568994]&#10;	Ordinal0 [0x00E9A421+566305]&#10;	Ordinal0 [0x00E9A815+567317]&#10;	Ordinal0 [0x00E9A135+565557]&#10;	Ordinal0 [0x00E9F075+585845]&#10;	Ordinal0 [0x00E9A0F1+565489]&#10;	Ordinal0 [0x00E9AEA2+568994]&#10;	Ordinal0 [0x00E9A421+566305]&#10;	Ordinal0 [0x00E9A815+567317]&#10;	Ordinal0 [0x00E9A135+565557]&#10;	Ordinal0 [0x00E96776+550774]&#10;	Ordinal0 [0x00E9A0F1+565489]&#10;	Ordinal0 [0x00E99F13+565011]&#10;	Ordinal0 [0x00E99D07+564487]&#10;	Ordinal0 [0x00EA82C0+623296]&#10;	Ordinal0 [0x00E46BDD+224221]&#10;	Ordinal0 [0x00E45CAC+220332]&#10;	Ordinal0 [0x00E4189B+202907]&#10;	Ordinal0 [0x00E23DF4+81396]&#10;	Ordinal0 [0x00E24DEE+85486]&#10;	Ordinal0 [0x00E24D79+85369]&#10;	Ordinal0 [0x010385DC+2262492]&#10;	GetHandleVerifier [0x012C2874+1487204]&#10;	GetHandleVerifier [0x012C23CD+1486013]&#10;	GetHandleVerifier [0x012CA368+1518680]&#10;	GetHandleVerifier [0x012C2F4E+1488958]&#10;	Ordinal0 [0x0102ED0D+2223373]&#10;	Ordinal0 [0x0103A12B+2269483]&#10;	Ordinal0 [0x0103A26F+2269807]&#10;	Ordinal0 [0x0104ECB8+2354360]&#10;	BaseThreadInitThunk [0x76B6FA29+25]&#10;	RtlGetAppContainerNamedObjectPath [0x771C75F4+228]&#10;	RtlGetAppContainerNamedObjectPath [0x771C75C4+180]&#10;"/>
  </testcase>
  <testcase name="tearDown" classname="testCases.TC_Login" time="1.312">
    <failure type="java.lang.NullPointerException"><![CDATA[java.lang.NullPointerException
]]></failure>
  </testcase>
</testsuite>