<?xml version="1.0" encoding="UTF-8"?>
<!-- Generated by org.testng.reporters.JUnitReportReporter -->
<testsuite skipped="0" hostname="L31286WIN" name="testCases.TC_Login" tests="1" failures="0" timestamp="2021-01-12T03:34:40 IST" time="8.882" errors="0">
  <testcase name="loginTest" time="8.882" classname="testCases.TC_Login"/>
  <system-out/>
</testsuite> <!-- testCases.TC_Login -->
