<?xml version="1.0" encoding="UTF-8"?>
<!-- Generated by org.testng.reporters.JUnitReportReporter -->
<testsuite skipped="0" hostname="L31286WIN" name="api.GetRequest" tests="1" failures="0" timestamp="2021-02-14T08:46:09 IST" time="4.796" errors="0">
  <testcase name="getWeatherDetails" time="4.796" classname="api.GetRequest"/>
  <system-out/>
</testsuite> <!-- api.GetRequest -->
