<?xml version="1.0" encoding="UTF-8"?>
<!-- Generated by org.testng.reporters.JUnitReportReporter -->
<testsuite skipped="0" hostname="L31286WIN" name="testCases.CheckTestNGAnnotations" tests="1" failures="0" timestamp="2021-02-13T18:40:12 IST" time="0.019" errors="0">
  <testcase name="Test" time="0.019" classname="testCases.CheckTestNGAnnotations"/>
  <system-out/>
</testsuite> <!-- testCases.CheckTestNGAnnotations -->
