<?xml version="1.0" encoding="UTF-8"?>
<!-- Generated by org.testng.reporters.JUnitReportReporter -->
<testsuite skipped="0" hostname="L31286WIN" name="testCases.CheckTestNGAnnotations" tests="1" failures="0" timestamp="2021-02-15T13:13:30 IST" time="0.009" errors="0">
  <testcase name="Test" time="0.009" classname="testCases.CheckTestNGAnnotations"/>
  <system-out/>
</testsuite> <!-- testCases.CheckTestNGAnnotations -->
